0 info it worked if it ends with ok
1 verbose cli [ '/opt/homebrew/Cellar/node/0.10.20/bin/node',
1 verbose cli   '/opt/homebrew/bin/npm',
1 verbose cli   'install',
1 verbose cli   '-g',
1 verbose cli   'meteorite' ]
2 info using npm@1.3.11
3 info using node@v0.10.20
4 verbose cache add [ 'meteorite', null ]
5 verbose cache add name=undefined spec="meteorite" args=["meteorite",null]
6 verbose parsed url { protocol: null,
6 verbose parsed url   slashes: null,
6 verbose parsed url   auth: null,
6 verbose parsed url   host: null,
6 verbose parsed url   port: null,
6 verbose parsed url   hostname: null,
6 verbose parsed url   hash: null,
6 verbose parsed url   search: null,
6 verbose parsed url   query: null,
6 verbose parsed url   pathname: 'meteorite',
6 verbose parsed url   path: 'meteorite',
6 verbose parsed url   href: 'meteorite' }
7 silly lockFile 8f2f99a9-meteorite meteorite
8 verbose lock meteorite /Users/jonathanbarker/.npm/8f2f99a9-meteorite.lock
9 silly lockFile 8f2f99a9-meteorite meteorite
10 silly lockFile 8f2f99a9-meteorite meteorite
11 verbose addNamed [ 'meteorite', '' ]
12 verbose addNamed [ null, '*' ]
13 silly lockFile bf6d5fee-meteorite meteorite@
14 verbose lock meteorite@ /Users/jonathanbarker/.npm/bf6d5fee-meteorite.lock
15 silly addNameRange { name: 'meteorite', range: '*', hasData: false }
16 verbose url raw meteorite
17 verbose url resolving [ 'https://registry.npmjs.org/', './meteorite' ]
18 verbose url resolved https://registry.npmjs.org/meteorite
19 info trying registry request attempt 1 at 18:07:32
20 http GET https://registry.npmjs.org/meteorite
21 http 200 https://registry.npmjs.org/meteorite
22 silly registry.get cb [ 200,
22 silly registry.get   { date: 'Sat, 08 Feb 2014 23:07:32 GMT',
22 silly registry.get     server: 'CouchDB/1.5.0 (Erlang OTP/R16B)',
22 silly registry.get     etag: '"EXS1UWJNKINMAS3A4A5FCDASS"',
22 silly registry.get     'content-type': 'application/json',
22 silly registry.get     'cache-control': 'max-age=1',
22 silly registry.get     'content-length': '292957',
22 silly registry.get     'accept-ranges': 'bytes',
22 silly registry.get     via: '1.1 varnish',
22 silly registry.get     age: '55552',
22 silly registry.get     'x-served-by': 'cache-v37-ASH',
22 silly registry.get     'x-cache': 'HIT',
22 silly registry.get     'x-cache-hits': '1',
22 silly registry.get     'x-timer': 'S1391900851.970457554,VS0,VE103',
22 silly registry.get     vary: 'Accept',
22 silly registry.get     'keep-alive': 'timeout=10, max=50',
22 silly registry.get     connection: 'Keep-Alive' } ]
23 silly addNameRange number 2 { name: 'meteorite', range: '*', hasData: true }
24 silly addNameRange versions [ 'meteorite',
24 silly addNameRange   [ '0.0.1',
24 silly addNameRange     '0.0.2',
24 silly addNameRange     '0.0.3',
24 silly addNameRange     '0.0.4',
24 silly addNameRange     '0.0.5',
24 silly addNameRange     '0.0.6',
24 silly addNameRange     '0.0.7',
24 silly addNameRange     '0.0.8',
24 silly addNameRange     '0.0.9',
24 silly addNameRange     '0.0.10',
24 silly addNameRange     '0.0.11',
24 silly addNameRange     '0.0.12',
24 silly addNameRange     '0.0.13',
24 silly addNameRange     '0.0.14',
24 silly addNameRange     '0.0.15',
24 silly addNameRange     '0.0.16',
24 silly addNameRange     '0.0.17',
24 silly addNameRange     '0.0.18',
24 silly addNameRange     '0.0.19',
24 silly addNameRange     '0.1.0',
24 silly addNameRange     '0.1.1',
24 silly addNameRange     '0.2.0',
24 silly addNameRange     '0.2.1',
24 silly addNameRange     '0.2.2',
24 silly addNameRange     '0.3.0',
24 silly addNameRange     '0.3.1',
24 silly addNameRange     '0.3.3',
24 silly addNameRange     '0.4.0',
24 silly addNameRange     '0.4.1',
24 silly addNameRange     '0.4.2',
24 silly addNameRange     '0.4.3',
24 silly addNameRange     '0.4.4',
24 silly addNameRange     '0.4.5',
24 silly addNameRange     '0.4.6',
24 silly addNameRange     '0.4.7',
24 silly addNameRange     '0.4.8',
24 silly addNameRange     '0.4.9',
24 silly addNameRange     '0.5.0',
24 silly addNameRange     '0.5.1',
24 silly addNameRange     '0.6.0',
24 silly addNameRange     '0.6.1',
24 silly addNameRange     '0.6.2',
24 silly addNameRange     '0.6.3',
24 silly addNameRange     '0.6.4',
24 silly addNameRange     '0.6.5',
24 silly addNameRange     '0.6.6',
24 silly addNameRange     '0.6.7',
24 silly addNameRange     '0.6.8',
24 silly addNameRange     '0.6.9',
24 silly addNameRange     '0.6.10',
24 silly addNameRange     '0.6.11',
24 silly addNameRange     '0.6.12',
24 silly addNameRange     '0.6.13',
24 silly addNameRange     '0.6.14',
24 silly addNameRange     '0.6.15',
24 silly addNameRange     '0.6.16',
24 silly addNameRange     '0.7.0',
24 silly addNameRange     '0.7.1' ] ]
25 verbose addNamed [ 'meteorite', '0.7.1' ]
26 verbose addNamed [ '0.7.1', '0.7.1' ]
27 silly lockFile 3c207f2e-meteorite-0-7-1 meteorite@0.7.1
28 verbose lock meteorite@0.7.1 /Users/jonathanbarker/.npm/3c207f2e-meteorite-0-7-1.lock
29 silly lockFile 7357a318-rg-meteorite-meteorite-0-7-1-tgz https://registry.npmjs.org/meteorite/-/meteorite-0.7.1.tgz
30 verbose lock https://registry.npmjs.org/meteorite/-/meteorite-0.7.1.tgz /Users/jonathanbarker/.npm/7357a318-rg-meteorite-meteorite-0-7-1-tgz.lock
31 verbose addRemoteTarball [ 'https://registry.npmjs.org/meteorite/-/meteorite-0.7.1.tgz',
31 verbose addRemoteTarball   '16da8677d8d20c09630c58ef8bd7464af3b18317' ]
32 info retry fetch attempt 1 at 18:07:33
33 verbose fetch to= /var/folders/8y/7df3bsqj739f3ljkry3d5my80000gn/T/npm-51021-KZyTqcao/1391900853479-0.7089541458990425/tmp.tgz
34 http GET https://registry.npmjs.org/meteorite/-/meteorite-0.7.1.tgz
35 http 200 https://registry.npmjs.org/meteorite/-/meteorite-0.7.1.tgz
36 verbose tar unpack /var/folders/8y/7df3bsqj739f3ljkry3d5my80000gn/T/npm-51021-KZyTqcao/1391900853479-0.7089541458990425/tmp.tgz
37 silly lockFile 858c6614-53479-0-7089541458990425-package tar:///var/folders/8y/7df3bsqj739f3ljkry3d5my80000gn/T/npm-51021-KZyTqcao/1391900853479-0.7089541458990425/package
38 verbose lock tar:///var/folders/8y/7df3bsqj739f3ljkry3d5my80000gn/T/npm-51021-KZyTqcao/1391900853479-0.7089541458990425/package /Users/jonathanbarker/.npm/858c6614-53479-0-7089541458990425-package.lock
39 silly lockFile 2f601aca-53479-0-7089541458990425-tmp-tgz tar:///var/folders/8y/7df3bsqj739f3ljkry3d5my80000gn/T/npm-51021-KZyTqcao/1391900853479-0.7089541458990425/tmp.tgz
40 verbose lock tar:///var/folders/8y/7df3bsqj739f3ljkry3d5my80000gn/T/npm-51021-KZyTqcao/1391900853479-0.7089541458990425/tmp.tgz /Users/jonathanbarker/.npm/2f601aca-53479-0-7089541458990425-tmp-tgz.lock
41 silly gunzTarPerm modes [ '755', '644' ]
42 silly gunzTarPerm extractEntry package.json
43 silly gunzTarPerm extractEntry README.md
44 silly gunzTarPerm extractEntry CHANGELOG.md
45 silly gunzTarPerm extractEntry CONTRIBUTING.md
46 silly gunzTarPerm extractEntry LICENSE.txt
47 silly gunzTarPerm extractEntry bin/mrt.js
48 silly gunzTarPerm extractEntry completions/mrt.bash
49 silly gunzTarPerm extractEntry completions/postinstall.sh
50 silly gunzTarPerm extractEntry lib/atmosphere.js
51 silly gunzTarPerm extractEntry lib/config.js
52 silly gunzTarPerm extractEntry lib/console.js
53 silly gunzTarPerm extractEntry lib/debug.js
54 silly gunzTarPerm extractEntry lib/command.js
55 silly gunzTarPerm extractEntry lib/meteor.js
56 silly gunzTarPerm extractEntry lib/meteorite.js
57 silly gunzTarPerm extractEntry lib/project.js
58 silly gunzTarPerm extractEntry lib/utils/fs.js
59 silly gunzTarPerm extractEntry lib/utils/git.js
60 silly gunzTarPerm extractEntry lib/sources/git.js
61 silly gunzTarPerm extractEntry lib/sources/local.js
62 silly gunzTarPerm extractEntry lib/sources/source.js
63 silly gunzTarPerm extractEntry lib/dependencies/dependencies.js
64 silly gunzTarPerm extractEntry lib/dependencies/package.js
65 silly gunzTarPerm extractEntry lib/dependencies/resolver.js
66 silly lockFile 858c6614-53479-0-7089541458990425-package tar:///var/folders/8y/7df3bsqj739f3ljkry3d5my80000gn/T/npm-51021-KZyTqcao/1391900853479-0.7089541458990425/package
67 silly lockFile 858c6614-53479-0-7089541458990425-package tar:///var/folders/8y/7df3bsqj739f3ljkry3d5my80000gn/T/npm-51021-KZyTqcao/1391900853479-0.7089541458990425/package
68 silly lockFile 2f601aca-53479-0-7089541458990425-tmp-tgz tar:///var/folders/8y/7df3bsqj739f3ljkry3d5my80000gn/T/npm-51021-KZyTqcao/1391900853479-0.7089541458990425/tmp.tgz
69 silly lockFile 2f601aca-53479-0-7089541458990425-tmp-tgz tar:///var/folders/8y/7df3bsqj739f3ljkry3d5my80000gn/T/npm-51021-KZyTqcao/1391900853479-0.7089541458990425/tmp.tgz
70 verbose tar pack [ '/Users/jonathanbarker/.npm/meteorite/0.7.1/package.tgz',
70 verbose tar pack   '/var/folders/8y/7df3bsqj739f3ljkry3d5my80000gn/T/npm-51021-KZyTqcao/1391900853479-0.7089541458990425/package' ]
71 verbose tarball /Users/jonathanbarker/.npm/meteorite/0.7.1/package.tgz
72 verbose folder /var/folders/8y/7df3bsqj739f3ljkry3d5my80000gn/T/npm-51021-KZyTqcao/1391900853479-0.7089541458990425/package
73 silly lockFile 858c6614-53479-0-7089541458990425-package tar:///var/folders/8y/7df3bsqj739f3ljkry3d5my80000gn/T/npm-51021-KZyTqcao/1391900853479-0.7089541458990425/package
74 verbose lock tar:///var/folders/8y/7df3bsqj739f3ljkry3d5my80000gn/T/npm-51021-KZyTqcao/1391900853479-0.7089541458990425/package /Users/jonathanbarker/.npm/858c6614-53479-0-7089541458990425-package.lock
75 silly lockFile 67469f44--npm-meteorite-0-7-1-package-tgz tar:///Users/jonathanbarker/.npm/meteorite/0.7.1/package.tgz
76 verbose lock tar:///Users/jonathanbarker/.npm/meteorite/0.7.1/package.tgz /Users/jonathanbarker/.npm/67469f44--npm-meteorite-0-7-1-package-tgz.lock
77 silly lockFile 858c6614-53479-0-7089541458990425-package tar:///var/folders/8y/7df3bsqj739f3ljkry3d5my80000gn/T/npm-51021-KZyTqcao/1391900853479-0.7089541458990425/package
78 silly lockFile 858c6614-53479-0-7089541458990425-package tar:///var/folders/8y/7df3bsqj739f3ljkry3d5my80000gn/T/npm-51021-KZyTqcao/1391900853479-0.7089541458990425/package
79 silly lockFile 67469f44--npm-meteorite-0-7-1-package-tgz tar:///Users/jonathanbarker/.npm/meteorite/0.7.1/package.tgz
80 silly lockFile 67469f44--npm-meteorite-0-7-1-package-tgz tar:///Users/jonathanbarker/.npm/meteorite/0.7.1/package.tgz
81 silly lockFile c3ed5ad6-rker-npm-meteorite-0-7-1-package /Users/jonathanbarker/.npm/meteorite/0.7.1/package
82 verbose lock /Users/jonathanbarker/.npm/meteorite/0.7.1/package /Users/jonathanbarker/.npm/c3ed5ad6-rker-npm-meteorite-0-7-1-package.lock
83 silly lockFile c3ed5ad6-rker-npm-meteorite-0-7-1-package /Users/jonathanbarker/.npm/meteorite/0.7.1/package
84 silly lockFile c3ed5ad6-rker-npm-meteorite-0-7-1-package /Users/jonathanbarker/.npm/meteorite/0.7.1/package
85 verbose tar unpack /Users/jonathanbarker/.npm/meteorite/0.7.1/package.tgz
86 silly lockFile 9208bc33-rker-npm-meteorite-0-7-1-package tar:///Users/jonathanbarker/.npm/meteorite/0.7.1/package
87 verbose lock tar:///Users/jonathanbarker/.npm/meteorite/0.7.1/package /Users/jonathanbarker/.npm/9208bc33-rker-npm-meteorite-0-7-1-package.lock
88 silly lockFile 67469f44--npm-meteorite-0-7-1-package-tgz tar:///Users/jonathanbarker/.npm/meteorite/0.7.1/package.tgz
89 verbose lock tar:///Users/jonathanbarker/.npm/meteorite/0.7.1/package.tgz /Users/jonathanbarker/.npm/67469f44--npm-meteorite-0-7-1-package-tgz.lock
90 silly gunzTarPerm modes [ '755', '644' ]
91 silly gunzTarPerm extractEntry package.json
92 silly gunzTarPerm extractEntry README.md
93 silly gunzTarPerm extractEntry CHANGELOG.md
94 silly gunzTarPerm extractEntry CONTRIBUTING.md
95 silly gunzTarPerm extractEntry LICENSE.txt
96 silly gunzTarPerm extractEntry bin/mrt.js
97 silly gunzTarPerm extractEntry completions/mrt.bash
98 silly gunzTarPerm extractEntry completions/postinstall.sh
99 silly gunzTarPerm extractEntry lib/atmosphere.js
100 silly gunzTarPerm extractEntry lib/config.js
101 silly gunzTarPerm extractEntry lib/console.js
102 silly gunzTarPerm extractEntry lib/debug.js
103 silly gunzTarPerm extractEntry lib/command.js
104 silly gunzTarPerm extractEntry lib/meteor.js
105 silly gunzTarPerm extractEntry lib/meteorite.js
106 silly gunzTarPerm extractEntry lib/project.js
107 silly gunzTarPerm extractEntry lib/utils/fs.js
108 silly gunzTarPerm extractEntry lib/utils/git.js
109 silly gunzTarPerm extractEntry lib/sources/git.js
110 silly gunzTarPerm extractEntry lib/sources/local.js
111 silly gunzTarPerm extractEntry lib/sources/source.js
112 silly gunzTarPerm extractEntry lib/dependencies/dependencies.js
113 silly gunzTarPerm extractEntry lib/dependencies/package.js
114 silly gunzTarPerm extractEntry lib/dependencies/resolver.js
115 silly lockFile 9208bc33-rker-npm-meteorite-0-7-1-package tar:///Users/jonathanbarker/.npm/meteorite/0.7.1/package
116 silly lockFile 9208bc33-rker-npm-meteorite-0-7-1-package tar:///Users/jonathanbarker/.npm/meteorite/0.7.1/package
117 silly lockFile 67469f44--npm-meteorite-0-7-1-package-tgz tar:///Users/jonathanbarker/.npm/meteorite/0.7.1/package.tgz
118 silly lockFile 67469f44--npm-meteorite-0-7-1-package-tgz tar:///Users/jonathanbarker/.npm/meteorite/0.7.1/package.tgz
119 verbose chmod /Users/jonathanbarker/.npm/meteorite/0.7.1/package.tgz 644
120 verbose chown /Users/jonathanbarker/.npm/meteorite/0.7.1/package.tgz [ 501, 20 ]
121 silly lockFile 7357a318-rg-meteorite-meteorite-0-7-1-tgz https://registry.npmjs.org/meteorite/-/meteorite-0.7.1.tgz
122 silly lockFile 7357a318-rg-meteorite-meteorite-0-7-1-tgz https://registry.npmjs.org/meteorite/-/meteorite-0.7.1.tgz
123 silly lockFile 3c207f2e-meteorite-0-7-1 meteorite@0.7.1
124 silly lockFile 3c207f2e-meteorite-0-7-1 meteorite@0.7.1
125 silly lockFile bf6d5fee-meteorite meteorite@
126 silly lockFile bf6d5fee-meteorite meteorite@
127 silly resolved [ { name: 'meteorite',
127 silly resolved     version: '0.7.1',
127 silly resolved     homepage: 'http://oortcloud.github.com/meteorite',
127 silly resolved     engines: [ 'node >=0.8.0' ],
127 silly resolved     description: 'Installer & smart package manager for Meteor',
127 silly resolved     author:
127 silly resolved      { name: 'Tom Coleman',
127 silly resolved        email: 'tom@percolatestudio.com',
127 silly resolved        url: 'http://percolatestudio.com' },
127 silly resolved     dependencies:
127 silly resolved      { ddp: '>=0.3.1',
127 silly resolved        underscore: '1.3.3',
127 silly resolved        wrench: '>=1.3.9',
127 silly resolved        fstream: '>=0.1.18',
127 silly resolved        optimist: '>=0.3.4',
127 silly resolved        prompt: '0.2.11',
127 silly resolved        colors: '0.6.0-1',
127 silly resolved        async: '0.2.9' },
127 silly resolved     devDependencies: { mocha: '>=1.2.2', connect: '>=2.3.6' },
127 silly resolved     scripts:
127 silly resolved      { test: 'mocha spec/unit spec/acceptance -t 240000 -R spec',
127 silly resolved        flushcache: 'rm -rf spec/support/cache',
127 silly resolved        postinstall: 'sh ./completions/postinstall.sh' },
127 silly resolved     repository:
127 silly resolved      { type: 'git',
127 silly resolved        url: 'https://github.com/oortcloud/meteorite.git' },
127 silly resolved     bin: { mrt: './bin/mrt.js' },
127 silly resolved     readme: '# Meteorite\n\nMeteorite is a Meteor version manager and package manager. It provides an easy way to run different versions of meteor, use non-core packages, and to install packages from the [Atmosphere package repository](https://atmosphere.meteor.com/). \n\nMeteorite provides the command `mrt`, which can be used to add and install smart packages from atmosphere.\n\n``` sh\n# Create an app based on Meteor\'s devel branch.\n$ mrt create my-app --branch devel\n$ cd my-app\n# Install an Atmosphere package, recursively fetching dependencies.\n$ mrt add router\n# Check for and install any updates, and run the app.\n$ mrt\n```\n\n## Installing Meteorite\n\nMeteorite can be installed via [npm](https://npmjs.org/).\n\n``` sh\n$ npm install -g meteorite\n```\n\n### NOTE:\nIf your system requires root access to install global npm packages, make sure you use the `-H` flag:\n\n``` sh\n$ sudo -H npm install -g meteorite\n```\n\n## Updating from pre-0.6.0 Meteorite\n\nMeteorite now symlinks packages into the `packages/` directory of your app, so it\'s no longer necessary to run `mrt` when you want to start a server. Just make sure you `mrt install` in your app, and delete the `"meteor"` section from your `smart.json`. \n\nSubsequently, you can simply use `meteor` to run your development server, and just `mrt install` to ensure all packages are installed from atmosphere.\n\n### NOTES\n\n- Meteor is not officially supported on windows; you can run it thanks to [Tom Wijman\'s excellent work](http://win.meteor.com). However, meteorite\'s git based approach runs counter to the MSI installation that\'s required to get it working. So meteorite *does not* work under windows right now. Pull Requests which change this would be gladly accepted! Also, see [this blog post](http://www.discovermeteor.com/2013/03/20/using-meteor-and-atmopshere-on-windows/) for some information about how to use it.\n\n- You\'ll also need to ensure you have [git](http://git-scm.com) installed and available in your path. Also, you\'ll need to make sure that `mrt`\'s install location (usually `/usr/local/bin/`) is on your path.\n\n\n## Usage\n\n### `mrt add <package>`\n\nWorks like `meteor add`, but if the package isn\'t one of Meteor\'s included packages, it installs it from [Atmosphere](https://atmosphere.meteor.com).\n\nUnlike `meteor add`, only one package can be added at a time with `mrt add`.\n\n``` sh\n# Add the latest version of the moment package on Atmosphere.\n$ mrt add moment\n# Add a specific version of a package.\n$ mrt add router --pkg-version 0.3.4\n# Meteorite will install page.js too, because router depends on it.\n```\n\n### `mrt remove <package>`\n\nSimilarly, removes a package from `smart.json`, and unlinks it from your project (as well as telling Meteor not to use it).\n\n### `mrt install`\n\nInstall all packages listed in `smart.json` that aren\'t already installed on your machine. Use this command if you are working collaboratively and your colleagues install new packages.\n\n### `mrt update`\n\nInstalls any available updates to the app\'s desired Meteor version and packages.\n\n### `mrt create <name>`\n\nWorks like `meteor create`, but you can specify the desired branch, tag or reference of [Meteor\'s git repository](https://github.com/meteor/meteor) that the app should be based on.\n\n``` sh\n# By default, apps are based on Meteor\'s master branch.\n$ mrt create cool-app\n# You can create apps based on a branch of Meteor\'s repo.\n$ mrt create risky-app --branch devel\n# Or, on a tag (such as version numbers).\n$ mrt create safe-app --tag v0.5.4\n# Or, or on a commit.\n$ mrt create choosy-app --ref a9a717\n```\n\n### `mrt create-package [path/to/]foo`\n\nPuts the basic building blocks down for creating a package named `foo`, (potentially in a sub directory, usually `packages/`).\n\n### `mrt link-package path/to/foo`\n\nLinks `packages/foo` to `path/to/foo` so that you can use a local version without changing `smart.json`. Useful for quick changes to a package you maintain when developing an application. \n\nNote that `mrt install` or `mrt` will _overwrite_ this link if you also have `foo` in your `smart.json` (which you probably will). This may change in the future.\n\n## Options\n\nOptions can be passed at the very end of the command.\n\n### `--verbose`\n\nLog debug information to the console.\n\nExample: `mrt add crypto-sha1 --verbose`\n\n## Deprecated commands\n\nAs Meteorite now installs packages into the `packages/` directory, you can simply run `meteor` to start your app. You may need to run `mrt install` first.\nYou can run any meteor executable you like (e.g. from a checkout somewhere on your machine). \n\n### `mrt`\n\nWorks like `meteor`, but checks and installs the app\'s desired Meteor version and package dependencies before running the app. You may still want to use this, but it\'s no longer the official way to use Meteorite.\n\nIf however you want to use a forked version of Meteor in your project, you can still list it in your `smart.json`, and Meteorite will run it via `mrt`. (Of course you could just run it directly from a checkout too, which may be simpler).\n\n### Other commands\n\nWhen Meteorite is executed for an app, it checks or installs the app\'s desired Meteor version, packages and dependencies, then does the required book-keeping (described below), and finally passes the command onto `meteor`.\n\n## Permission woes?\n\nIt is *not* required that you run `sudo mrt`. If you do so, your home directory will pick up some root-owned files and you\'ll struggle to run `mrt` without `sudo` from then on. This isn\'t good.\n\nTo fix the problem, try cleaning up potentially "sudo-ed" files:\n\n```bash\nsudo mrt uninstall\nsudo mrt uninstall --system\nsudo chown -R `whoami` ~/.npm\n```\n\nIf possible, try not to install Meteorite as root either. If you have permissions problems, make sure you install with `sudo -H npm install -g meteorite`. If you\'ve installed without `-H`, your `~/.npm` directory will be owned by root and you should run the `chown` command above to fix it.\n\n\n\n## How Meteorite works\n\nApps tell Meteorite the Meteor version and packages they want with a file called `smart.json` in their root directory. Meteorite will install those dependencies the next time it is executed within that app.\n\nMeteorite writes to a `smart.lock` file in the app\'s root directory to track the exact versions of its dependencies, even when it\'s set up in a fresh environment. You should check the `smart.lock` file into your app\'s version control, to ensure that other developers are running the same versions of the dependencies. Any changes in `smart.json` take precendency over `smart.lock`. The `smart.lock` file is reset with the `mrt update` command.\n\n### Example `smart.json`\n\nThe `meteor` property is not required: apps will depend on Meteor\'s master branch by default. You can specify `meteor.branch`, `meteor.tag` or `meteor.git` to use alternate branches, tags and forks respectively. Note that `meteor.git` expects an actual URL, use `ssh://git@github.com/meteor/meteor.git` instead of `git@github.com:meteor/meteor.git`.\n\n``` json\n{\n  "packages": {\n    "moment": {},\n    "router": "0.3.4",\n    "roles": {\n      "version": "1.0.1"\n    },\n    "accounts-persona": {\n      "git": "https://github.com/vladikoff/meteor-accounts-persona"\n    },\n    "normalize.css": {\n      "git": "https://github.com/rithis/meteor-normalize.css",\n      "tag": "v2.0.1"\n    },\n    "branch-of-package": {\n      "git": "https://github.com/EventedMind/iron-router.git",\n      "branch": "dev"\n    },\n    "my-experiment": {\n      "path": "/path/to/local/package"\n    }\n  }\n}\n```\n\n## Writing Meteorite packages\n\nMeteorite packages include a `smart.json` file in their root directory to provide information about the package, and to list their dependencies. For an example, see [Meteor Router\'s `smart.json`](https://github.com/tmeasday/meteor-router/blob/master/smart.json).\n\nMeteorite packages also include a `package.js` file in their root directory to tell Meteorite how it should be installed. For an example, see [Meteor Roles\' `package.js`](https://github.com/alanning/meteor-roles/blob/master/roles/package.js).\n\nSee [Atmosphere\'s documentation on writing packages](https://atmosphere.meteor.com/wtf/package) for more information.\n\n## Bash Completion\n\nUse Meteorite\'s bash completion by sourcing it in your .bashrc or .bash_profile.\n\nDepending on where you installed Meteorite:\n\n```bash\nif [ -f /path/to/meteorite/completions/mrt.bash ]; then\n  . /path/to/meteorite/completions/mrt.bash\nfi\n```\n\nAlternatively, you can create a symbolic link under bash_completion.d:\n\n```bash\nln -s /path/to/meteorite/completions/mrt.bash /path/to/bash_completion.d/mrt\n```\n\n## Running Meteorite In a Git Hook Script\n\nIf you encounter checkout errors while running `mrt install` or `mrt update` within a Git hook script, it is because `GIT_DIR` is set to an unexpected value when running within a hook. The solution is to temporarily unset it just before running the `mrt` command.\n\n```bash\n(unset GIT_DIR; mrt update)\n```\n\n## Contributing\n\nContributions to meteorite are very welcome! Please see the [Contribution Guide](https://github.com/oortcloud/meteorite/blob/master/CONTRIBUTING.md) for details.\n',
127 silly resolved     readmeFilename: 'README.md',
127 silly resolved     bugs: { url: 'https://github.com/oortcloud/meteorite/issues' },
127 silly resolved     _id: 'meteorite@0.7.1',
127 silly resolved     dist: { shasum: '16da8677d8d20c09630c58ef8bd7464af3b18317' },
127 silly resolved     _from: 'meteorite@',
127 silly resolved     _resolved: 'https://registry.npmjs.org/meteorite/-/meteorite-0.7.1.tgz' } ]
128 info install meteorite@0.7.1 into /opt/homebrew/lib
129 info installOne meteorite@0.7.1
130 info /opt/homebrew/lib/node_modules/meteorite unbuild
131 verbose tar unpack /Users/jonathanbarker/.npm/meteorite/0.7.1/package.tgz
132 silly lockFile 0c2a4a51-ebrew-lib-node-modules-meteorite tar:///opt/homebrew/lib/node_modules/meteorite
133 verbose lock tar:///opt/homebrew/lib/node_modules/meteorite /Users/jonathanbarker/.npm/0c2a4a51-ebrew-lib-node-modules-meteorite.lock
134 silly lockFile 67469f44--npm-meteorite-0-7-1-package-tgz tar:///Users/jonathanbarker/.npm/meteorite/0.7.1/package.tgz
135 verbose lock tar:///Users/jonathanbarker/.npm/meteorite/0.7.1/package.tgz /Users/jonathanbarker/.npm/67469f44--npm-meteorite-0-7-1-package-tgz.lock
136 silly gunzTarPerm modes [ '755', '644' ]
137 error Error: EACCES, mkdir '/opt/homebrew/lib/node_modules/meteorite'
137 error  { [Error: EACCES, mkdir '/opt/homebrew/lib/node_modules/meteorite']
137 error   errno: 3,
137 error   code: 'EACCES',
137 error   path: '/opt/homebrew/lib/node_modules/meteorite',
137 error   fstream_type: 'Directory',
137 error   fstream_path: '/opt/homebrew/lib/node_modules/meteorite',
137 error   fstream_class: 'DirWriter',
137 error   fstream_stack:
137 error    [ '/opt/homebrew/Cellar/node/0.10.20/lib/node_modules/npm/node_modules/fstream/lib/dir-writer.js:36:23',
137 error      '/opt/homebrew/Cellar/node/0.10.20/lib/node_modules/npm/node_modules/mkdirp/index.js:37:53',
137 error      'Object.oncomplete (fs.js:107:15)' ] }
138 error Please try running this command again as root/Administrator.
139 error System Darwin 13.0.0
140 error command "/opt/homebrew/Cellar/node/0.10.20/bin/node" "/opt/homebrew/bin/npm" "install" "-g" "meteorite"
141 error cwd /Users/jonathanbarker/pythonscripts
142 error node -v v0.10.20
143 error npm -v 1.3.11
144 error path /opt/homebrew/lib/node_modules/meteorite
145 error fstream_path /opt/homebrew/lib/node_modules/meteorite
146 error fstream_type Directory
147 error fstream_class DirWriter
148 error code EACCES
149 error errno 3
150 error stack Error: EACCES, mkdir '/opt/homebrew/lib/node_modules/meteorite'
151 error fstream_stack /opt/homebrew/Cellar/node/0.10.20/lib/node_modules/npm/node_modules/fstream/lib/dir-writer.js:36:23
151 error fstream_stack /opt/homebrew/Cellar/node/0.10.20/lib/node_modules/npm/node_modules/mkdirp/index.js:37:53
151 error fstream_stack Object.oncomplete (fs.js:107:15)
152 verbose exit [ 3, true ]
